[2023-10-18T14:55:51.819958+00:00] registo_logs.ERROR: admin@bng.com - Login Inválido [] []
[2023-10-18T14:56:39.902455+00:00] registo_logs.INFO: admin@bng.com - Login com Sucesso [] []
[2023-10-18T14:56:52.538212+00:00] registo_logs.INFO: admin@bng.com - Fez logout [] []
[2023-10-18T15:06:40.523149+00:00] registo_logs.INFO: agente1@bng.com - Login com Sucesso [] []
[2023-10-19T20:52:27.704215+00:00] registo_logs.INFO: admin@bng.com - Login com Sucesso [] []
[2023-10-19T20:53:10.749042+00:00] registo_logs.INFO: admin@bng.com - Fez logout [] []
[2023-10-21T20:27:15.932143+00:00] registo_logs.INFO: agente1@bng.com - Login com Sucesso [] []
[2023-10-23T18:29:44.399285+00:00] registo_logs.INFO: agente1@bng.com - Login com Sucesso [] []
[2023-10-23T22:17:11.932770+00:00] registo_logs.INFO: agente1@bng.com - adicionou novo cliente: Rui Martins|rui@gmail.com [] []
[2023-10-24T12:29:17.216693+00:00] registo_logs.INFO: agente1@bng.com - Login com Sucesso [] []
[2023-10-24T21:44:35.683580+00:00] registo_logs.INFO: agente1@bng.com - atualizou dados do cliente ID: 2 [] []
[2023-10-24T21:44:43.103654+00:00] registo_logs.INFO: agente1@bng.com - atualizou dados do cliente ID: 2 [] []
[2023-10-24T21:47:12.186802+00:00] registo_logs.INFO: agente1@bng.com - atualizou dados do cliente ID: 2 [] []
[2023-10-24T21:47:34.099355+00:00] registo_logs.INFO: agente1@bng.com - atualizou dados do cliente ID: 2 [] []
[2023-10-24T21:50:20.647899+00:00] registo_logs.INFO: agente1@bng.com - atualizou dados do cliente ID: 2 [] []
[2023-10-24T21:50:34.501281+00:00] registo_logs.INFO: agente1@bng.com - atualizou dados do cliente ID: 2 [] []
[2023-10-25T13:53:03.812036+00:00] registo_logs.INFO: agente1@bng.com - Login com Sucesso [] []
[2023-10-25T14:27:01.857454+00:00] registo_logs.INFO: User - Eliminado o cliente id: 8 [] []
[2023-10-25T19:39:31.022933+00:00] registo_logs.INFO: User - Eliminado o cliente id: 8 [] []
[2023-10-26T13:55:19.621836+00:00] registo_logs.INFO: agente1@bng.com - Login com Sucesso [] []
[2023-10-30T13:56:10.493964+00:00] registo_logs.INFO: agente1@bng.com - Login com Sucesso [] []
[2023-10-30T14:17:08.543340+00:00] registo_logs.INFO: agente1@bng.com - carregamento de arquivo efetuado:  [] []
[2023-10-30T14:17:08.549923+00:00] registo_logs.INFO: agente1@bng.com - report: : {"total":4,"total_carregados":0,"total_nao_carregados":4} [] []
[2023-10-30T14:17:38.462033+00:00] registo_logs.INFO: agente1@bng.com - carregamento de arquivo efetuado: dados_clientes_1.csv [] []
[2023-10-30T14:17:38.464243+00:00] registo_logs.INFO: agente1@bng.com - report: : {"total":4,"total_carregados":0,"total_nao_carregados":4} [] []
[2023-10-30T14:17:43.338847+00:00] registo_logs.INFO: agente1@bng.com - carregamento de arquivo efetuado: dados_clientes_1.csv [] []
[2023-10-30T14:17:43.342604+00:00] registo_logs.INFO: agente1@bng.com - report: : {"total":4,"total_carregados":0,"total_nao_carregados":4} [] []
[2023-10-30T14:18:31.102327+00:00] registo_logs.INFO: User - Eliminado o cliente id: 10 [] []
[2023-10-30T14:18:38.437144+00:00] registo_logs.INFO: User - Eliminado o cliente id: 12 [] []
[2023-10-30T14:20:52.649532+00:00] registo_logs.INFO: agente1@bng.com - Eliminado o cliente id: 11 [] []
[2023-10-30T14:21:15.720079+00:00] registo_logs.INFO: agente1@bng.com - Eliminado o cliente id: 9 [] []
[2023-10-30T14:23:18.110892+00:00] registo_logs.ERROR: agente1@bng.com - tentou carregar um arquivo com header incorreto:  [] []
[2023-10-30T14:25:20.336361+00:00] registo_logs.ERROR: agente1@bng.com - tentou carregar um arquivo com header incorreto: dados_clientes_1_header_invalido.csv [] []
[2023-10-30T14:25:24.618673+00:00] registo_logs.ERROR: agente1@bng.com - tentou carregar um arquivo com header incorreto: dados_clientes_1_header_invalido.csv [] []
[2023-10-30T14:25:47.980322+00:00] registo_logs.INFO: agente1@bng.com - carregamento de arquivo efetuado: dados_clientes_1.csv [] []
[2023-10-30T14:25:47.985668+00:00] registo_logs.INFO: agente1@bng.com - report: : {"total":4,"total_carregados":4,"total_nao_carregados":0} [] []
[2023-10-30T15:08:55.096880+00:00] registo_logs.INFO: agente1@bng.com - Eliminado o cliente id: 13 [] []
[2023-10-30T15:08:57.582696+00:00] registo_logs.INFO: agente1@bng.com - Eliminado o cliente id: 14 [] []
[2023-10-30T15:09:00.276661+00:00] registo_logs.INFO: agente1@bng.com - Eliminado o cliente id: 16 [] []
[2023-10-30T15:09:02.866683+00:00] registo_logs.INFO: agente1@bng.com - Eliminado o cliente id: 15 [] []
[2023-10-30T15:22:34.866406+00:00] registo_logs.INFO: agente1@bng.com - fez download da lista de clientes para o ficheiro: output_1698679354.xlsx | total: 11 registos. [] []
[2023-10-30T15:24:17.324418+00:00] registo_logs.INFO: agente1@bng.com - fez download da lista de clientes para o ficheiro: output_1698679457.xlsx | total: 4 registos. [] []
[2023-10-30T16:02:31.616162+00:00] registo_logs.INFO: agente1@bng.com - password alterada com sucesso no perfil de utilizador. [] []
[2023-10-30T16:02:39.299462+00:00] registo_logs.INFO: agente1@bng.com - Fez logout [] []
[2023-10-30T16:02:55.539847+00:00] registo_logs.ERROR: agente1@bng.com - Login Inválido [] []
[2023-10-30T16:03:16.277339+00:00] registo_logs.INFO: agente1@bng.com - Login com Sucesso [] []
[2023-10-30T16:03:36.344672+00:00] registo_logs.INFO: agente1@bng.com - password alterada com sucesso no perfil de utilizador. [] []
[2023-11-06T14:16:40.132438+00:00] registo_logs.INFO:  - Fez logout [] []
[2023-11-06T14:17:21.304270+00:00] registo_logs.INFO: agente1@bng.com - Login com Sucesso [] []
[2023-11-06T14:18:04.367958+00:00] registo_logs.INFO: agente1@bng.com - Fez logout [] []
[2023-11-06T14:18:18.915368+00:00] registo_logs.INFO: admin@bng.com - Login com Sucesso [] []
[2023-11-06T14:46:29.536206+00:00] registo_logs.INFO: admin@bng.com - fez download da lista de clientes para o ficheiro: output_1699281989.xlsx | total: 6 registos. [] []
[2023-11-06T19:32:11.643548+00:00] registo_logs.INFO: admin@bng.com - Login com Sucesso [] []
[2023-11-07T14:02:50.740597+00:00] registo_logs.INFO: admin@bng.com - Login com Sucesso [] []
[2023-11-07T16:55:26.000439+00:00] registo_logs.INFO: admin@bng.com - visualizou o PDF com o report estatístico. [] []
[2023-11-09T14:01:45.138470+00:00] registo_logs.INFO: admin@bng.com - Login com Sucesso [] []
[2023-11-09T14:02:15.934272+00:00] registo_logs.INFO: admin@bng.com - Fez logout [] []
[2023-11-09T14:02:28.671839+00:00] registo_logs.INFO: agente1@bng.com - Login com Sucesso [] []
[2023-11-09T14:53:44.669166+00:00] registo_logs.INFO: agente1@bng.com - Fez logout [] []
[2023-11-09T14:53:56.074230+00:00] registo_logs.INFO: admin@bng.com - Login com Sucesso [] []
[2023-11-09T14:55:41.225528+00:00] registo_logs.INFO: admin@bng.com - enviado com sucesso email para a conclusão de registro. agente4@bng.com [] []
[2023-11-09T14:57:41.617002+00:00] registo_logs.INFO: admin@bng.com - enviado com sucesso email para a conclusão de registro. agente4@bng.com [] []
[2023-11-09T18:38:38.169139+00:00] registo_logs.INFO: admin@bng.com - Fez logout [] []
[2023-11-09T18:55:17.015038+00:00] registo_logs.INFO: Foi definida com sucesso a password para o agente ID = 6 (purl: JBDdEcHckeFihBjJhfKf) [] []
[2023-11-09T21:08:02.752629+00:00] registo_logs.INFO: admin@bng.com - Login com Sucesso [] []
[2023-11-10T02:13:34.181010+00:00] registo_logs.INFO: admin@bng.com - Fez logout [] []
[2023-11-10T18:14:49.433997+00:00] registo_logs.INFO: admin@bng.com - Login com Sucesso [] []
[2023-11-10T18:35:35.889838+00:00] registo_logs.INFO: admin@bng.com - Fez logout [] []
[2023-11-10T18:35:46.189794+00:00] registo_logs.ERROR: agente1@bng.com - Login Inválido [] []
[2023-11-10T18:35:56.378580+00:00] registo_logs.ERROR: admin@bng.com - Login Inválido [] []
[2023-11-10T18:36:08.336909+00:00] registo_logs.ERROR: admin@bng.com - Login Inválido [] []
[2023-11-10T18:36:36.868477+00:00] registo_logs.INFO: admin@bng.com - Login com Sucesso [] []
[2023-11-10T19:03:52.225228+00:00] registo_logs.INFO: admin@bng.com - editado com sucesso os dados do agente ID: 3 - agente2@bng.com [] []
[2023-11-10T19:06:01.452199+00:00] registo_logs.INFO: admin@bng.com - editado com sucesso os dados do agente ID: 3 - agente2alterado@bng.com [] []
[2023-11-10T19:06:12.722272+00:00] registo_logs.INFO: admin@bng.com - editado com sucesso os dados do agente ID: 3 - agente2@bng.com [] []
[2023-11-10T19:08:09.145162+00:00] registo_logs.INFO: admin@bng.com - editado com sucesso os dados do agente ID: 3 - agente2@bng.com [] []
[2023-11-10T21:46:12.000772+00:00] registo_logs.INFO: admin@bng.com - eliminado com sucesso o agente ID: 3 [] []
[2023-11-10T21:46:20.491340+00:00] registo_logs.INFO: admin@bng.com - eliminado com sucesso o agente ID: 3 [] []
[2023-11-10T21:48:10.742783+00:00] registo_logs.INFO: admin@bng.com - eliminado com sucesso o agente ID: 3 [] []
[2023-11-10T21:48:30.096369+00:00] registo_logs.INFO: admin@bng.com - recuperado com sucesso o agente ID: 2 [] []
[2023-11-10T21:48:33.583598+00:00] registo_logs.INFO: admin@bng.com - recuperado com sucesso o agente ID: 3 [] []
[2023-11-11T14:56:45.112054+00:00] registo_logs.INFO:  - Fez logout [] []
[2023-11-11T15:15:35.586489+00:00] registo_logs.INFO: admin@bng.com - Login com Sucesso [] []
[2023-11-12T19:43:17.486073+00:00] registo_logs.ERROR: Aconteceu um erro na criação do código de recuperação da password. User: teste@teste.com [] []
[2023-11-12T19:51:25.791842+00:00] registo_logs.INFO: Email com código de recuperação de password enviado com sucesso. User: agente1@bng.com | Code: 778041 [] []
[2023-11-12T19:53:30.966958+00:00] registo_logs.INFO: Email com código de recuperação de password enviado com sucesso. User: agente1@bng.com | Code: 975576 [] []
[2023-11-12T20:00:45.513172+00:00] registo_logs.ERROR: Aconteceu um erro na criação do código de recuperação da password. User: agente10@bng.com [] []
[2023-11-12T20:00:49.395623+00:00] registo_logs.INFO: Email com código de recuperação de password enviado com sucesso. User: agente1@bng.com | Code: 326646 [] []
[2023-11-12T20:02:31.713596+00:00] registo_logs.INFO: Foi alterada com sucesso a password do user ID: 2 após pedido de reset da password. [] []
[2023-11-12T20:02:42.264607+00:00] registo_logs.INFO: agente1@bng.com - Login com Sucesso [] []
[2023-11-12T20:21:37.658200+00:00] registo_logs.INFO: agente1@bng.com - Fez logout [] []
[2023-11-12T20:21:55.536629+00:00] registo_logs.INFO: agent1@bng.com - Login com Sucesso [] []
[2023-11-12T20:22:10.774551+00:00] registo_logs.INFO: agent1@bng.com - Fez logout [] []
[2023-11-12T20:22:20.111449+00:00] registo_logs.INFO: admin@bng.com - Login com Sucesso [] []
[2023-11-12T20:25:24.553388+00:00] registo_logs.INFO: admin@bng.com - Fez logout [] []
[2023-11-12T20:25:52.061377+00:00] registo_logs.INFO: agent1@bng.com - Login com Sucesso [] []
[2023-11-12T20:33:15.944664+00:00] registo_logs.INFO: agent1@bng.com - Fez logout [] []
[2023-11-16T17:44:13.049753+00:00] registo_logs.INFO:  - Fez logout [] []
[2023-11-17T12:22:48.850929+00:00] registo_logs.ERROR: agente1@bng.com - Login Inválido [] []
[2023-11-17T12:23:03.789222+00:00] registo_logs.INFO: admin@bng.com - Login com Sucesso [] []
